json4s-core_2.11.jar
json4s-native_2.11.jar
vcc-xtemplate.jar
vcc-web.jar
akka-actor_2.11.jar
warless.jar
vcc-datastore.jar
vcc-updater.jar
miglayout.jar
vcc-dnd4e.jar
vcc-run.jar
servlet-api.jar
vcc-dnd4e-compendium.jar
vcc-dnd4e-tracker.jar
json4s-ast_2.11.jar
jetty-util.jar
vcc-main.jar
slf4j-api.jar
log4j.jar
scala-xml_2.11.jar
vcc-swing.jar
vcc-dndi.jar
macify.jar
core-renderer.jar
scala-library.jar
scala-swing_2.11.jar
vcc-infra.jar
swing.jar
jetty.jar
config.jar
slf4j-log4j12.jar
scala-parser-combinators_2.11.jar
idw-gpl.jar